16:19:00 **** Incremental Build of configuration Debug for project TP ****
make -j8 all 
arm-none-eabi-gcc "../Drivers/API/Src/sht4x.c" -mcpu=cortex-m4 -std=gnu11 -g3 -DDEBUG -DSTM32 -DSTM32F429ZITx -DSTM32F4 -DNUCLEO_F429ZI -DUSE_HAL_DRIVER -DSTM32F429xx -c -I../Inc -I"/home/leandro/Desktop/UBA/CESE/PdM/PdM_diazleandro/TP/Drivers/STM32F4xx_HAL_Driver/Inc" -I"/home/leandro/Desktop/UBA/CESE/PdM/PdM_diazleandro/TP/Drivers/CMSIS/Include" -I"/home/leandro/Desktop/UBA/CESE/PdM/PdM_diazleandro/TP/Drivers/CMSIS/Device/ST/STM32F4xx/Include" -I"/home/leandro/Desktop/UBA/CESE/PdM/PdM_diazleandro/TP/Drivers/BSP/STM32F4xx_Nucleo_144" -I"/home/leandro/Desktop/UBA/CESE/PdM/PdM_diazleandro/TP/Drivers/Core/Inc" -I"/home/leandro/Desktop/UBA/CESE/PdM/PdM_diazleandro/TP/Drivers/API/Inc" -O0 -ffunction-sections -fdata-sections -Wall -fstack-usage -MMD -MP -MF"Drivers/API/Src/sht4x.d" -MT"Drivers/API/Src/sht4x.o" --specs=nano.specs -mfpu=fpv4-sp-d16 -mfloat-abi=hard -mthumb -o "Drivers/API/Src/sht4x.o"
../Drivers/API/Src/sht4x.c: In function 'sht4x_measure_ticks':
../Drivers/API/Src/sht4x.c:54:15: warning: pointer targets in passing argument 1 of 'sht4x_print' differ in signedness [-Wpointer-sign]
   54 |   sht4x_print("Error en la escritura. \n");
      |               ^~~~~~~~~~~~~~~~~~~~~~~~~~~
      |               |
      |               char *
In file included from ../Drivers/API/Src/sht4x.c:6:
/home/leandro/Desktop/UBA/CESE/PdM/PdM_diazleandro/TP/Drivers/API/Inc/sht4x_port.h:11:27: note: expected 'uint8_t *' {aka 'unsigned char *'} but argument is of type 'char *'
   11 | void sht4x_print(uint8_t* data);
      |                  ~~~~~~~~~^~~~
../Drivers/API/Src/sht4x.c:61:15: warning: pointer targets in passing argument 1 of 'sht4x_print' differ in signedness [-Wpointer-sign]
   61 |   sht4x_print("Error en la lectura.\n");
      |               ^~~~~~~~~~~~~~~~~~~~~~~~
      |               |
      |               char *
In file included from ../Drivers/API/Src/sht4x.c:6:
/home/leandro/Desktop/UBA/CESE/PdM/PdM_diazleandro/TP/Drivers/API/Inc/sht4x_port.h:11:27: note: expected 'uint8_t *' {aka 'unsigned char *'} but argument is of type 'char *'
   11 | void sht4x_print(uint8_t* data);
      |                  ~~~~~~~~~^~~~
arm-none-eabi-gcc -o "TP.elf" @"objects.list"   -mcpu=cortex-m4 -T"/home/leandro/Desktop/UBA/CESE/PdM/PdM_diazleandro/TP/STM32F429ZITX_FLASH.ld" --specs=nosys.specs -Wl,-Map="TP.map" -Wl,--gc-sections -static --specs=nano.specs -mfpu=fpv4-sp-d16 -mfloat-abi=hard -mthumb -Wl,--start-group -lc -lm -Wl,--end-group
Finished building target: TP.elf
 
arm-none-eabi-size   TP.elf 
arm-none-eabi-objdump -h -S  TP.elf  > "TP.list"
   text	   data	    bss	    dec	    hex	filename
  17304	     60	   1780	  19144	   4ac8	TP.elf
Finished building: default.size.stdout
 
Finished building: TP.list
 
